2020-12-24 11:30:59,442 INFO com.capgemini.Technologylearningandtrackingappsprint2.TechnologyLearningAndTrackingAppSprint2Application [restartedMain] Starting TechnologyLearningAndTrackingAppSprint2Application using Java 1.8.0_221 on Rushi with PID 11316 (D:\Spring\Technology-learning-and-tracking-app-sprint2-master\target\classes started by asus in D:\Spring\Technology-learning-and-tracking-app-sprint2-master)
2020-12-24 11:30:59,447 DEBUG com.capgemini.Technologylearningandtrackingappsprint2.TechnologyLearningAndTrackingAppSprint2Application [restartedMain] Running with Spring Boot v2.4.1, Spring v5.3.2
2020-12-24 11:30:59,452 INFO com.capgemini.Technologylearningandtrackingappsprint2.TechnologyLearningAndTrackingAppSprint2Application [restartedMain] No active profile set, falling back to default profiles: default
2020-12-24 11:30:59,773 INFO org.springframework.boot.devtools.env.DevToolsPropertyDefaultsPostProcessor [restartedMain] Devtools property defaults active! Set 'spring.devtools.add-properties' to 'false' to disable
2020-12-24 11:30:59,774 INFO org.springframework.boot.devtools.env.DevToolsPropertyDefaultsPostProcessor [restartedMain] For additional web related logging consider setting the 'logging.level.web' property to 'DEBUG'
2020-12-24 11:31:05,071 INFO org.springframework.data.repository.config.RepositoryConfigurationDelegate [restartedMain] Bootstrapping Spring Data JPA repositories in DEFAULT mode.
2020-12-24 11:31:05,537 INFO org.springframework.data.repository.config.RepositoryConfigurationDelegate [restartedMain] Finished Spring Data repository scanning in 387 ms. Found 4 JPA repository interfaces.
2020-12-24 11:31:12,564 INFO org.springframework.boot.web.embedded.tomcat.TomcatWebServer [restartedMain] Tomcat initialized with port(s): 8080 (http)
2020-12-24 11:31:12,767 INFO org.apache.coyote.http11.Http11NioProtocol [restartedMain] Initializing ProtocolHandler ["http-nio-8080"]
2020-12-24 11:31:12,781 INFO org.apache.catalina.core.StandardService [restartedMain] Starting service [Tomcat]
2020-12-24 11:31:12,781 INFO org.apache.catalina.core.StandardEngine [restartedMain] Starting Servlet engine: [Apache Tomcat/9.0.41]
2020-12-24 11:31:13,303 INFO org.apache.catalina.core.ContainerBase.[Tomcat].[localhost].[/springfox] [restartedMain] Initializing Spring embedded WebApplicationContext
2020-12-24 11:31:13,303 INFO org.springframework.boot.web.servlet.context.ServletWebServerApplicationContext [restartedMain] Root WebApplicationContext: initialization completed in 13527 ms
2020-12-24 11:31:15,294 INFO org.hibernate.jpa.internal.util.LogHelper [restartedMain] HHH000204: Processing PersistenceUnitInfo [name: default]
2020-12-24 11:31:15,744 INFO org.hibernate.Version [restartedMain] HHH000412: Hibernate ORM core version 5.4.25.Final
2020-12-24 11:31:18,149 INFO org.hibernate.annotations.common.Version [restartedMain] HCANN000001: Hibernate Commons Annotations {5.1.2.Final}
2020-12-24 11:31:18,671 INFO com.zaxxer.hikari.HikariDataSource [restartedMain] HikariPool-1 - Starting...
2020-12-24 11:31:23,226 INFO com.zaxxer.hikari.HikariDataSource [restartedMain] HikariPool-1 - Start completed.
2020-12-24 11:31:23,556 INFO org.hibernate.dialect.Dialect [restartedMain] HHH000400: Using dialect: org.hibernate.dialect.PostgreSQL10Dialect
2020-12-24 11:31:32,551 INFO org.hibernate.engine.transaction.jta.platform.internal.JtaPlatformInitiator [restartedMain] HHH000490: Using JtaPlatform implementation: [org.hibernate.engine.transaction.jta.platform.internal.NoJtaPlatform]
2020-12-24 11:31:32,662 INFO org.springframework.orm.jpa.LocalContainerEntityManagerFactoryBean [restartedMain] Initialized JPA EntityManagerFactory for persistence unit 'default'
2020-12-24 11:31:32,894 INFO org.springframework.boot.devtools.autoconfigure.OptionalLiveReloadServer [restartedMain] LiveReload server is running on port 35729
2020-12-24 11:31:39,447 WARN org.springframework.boot.autoconfigure.orm.jpa.JpaBaseConfiguration$JpaWebConfiguration [restartedMain] spring.jpa.open-in-view is enabled by default. Therefore, database queries may be performed during view rendering. Explicitly configure spring.jpa.open-in-view to disable this warning
2020-12-24 11:31:40,308 INFO org.springframework.boot.actuate.endpoint.web.EndpointLinksResolver [restartedMain] Exposing 2 endpoint(s) beneath base path '/actuator'
2020-12-24 11:31:42,104 INFO org.apache.coyote.http11.Http11NioProtocol [restartedMain] Starting ProtocolHandler ["http-nio-8080"]
2020-12-24 11:31:42,457 INFO org.springframework.boot.web.embedded.tomcat.TomcatWebServer [restartedMain] Tomcat started on port(s): 8080 (http) with context path '/springfox'
2020-12-24 11:31:43,774 INFO com.capgemini.Technologylearningandtrackingappsprint2.TechnologyLearningAndTrackingAppSprint2Application [restartedMain] Started TechnologyLearningAndTrackingAppSprint2Application in 45.043 seconds (JVM running for 47.011)
2020-12-24 11:33:37,603 INFO org.apache.catalina.core.ContainerBase.[Tomcat].[localhost].[/springfox] [http-nio-8080-exec-10] Initializing Spring DispatcherServlet 'dispatcherServlet'
2020-12-24 11:33:37,603 INFO org.springframework.web.servlet.DispatcherServlet [http-nio-8080-exec-10] Initializing Servlet 'dispatcherServlet'
2020-12-24 11:33:37,605 INFO org.springframework.web.servlet.DispatcherServlet [http-nio-8080-exec-10] Completed initialization in 2 ms
2020-12-24 11:33:37,726 WARN org.springframework.web.servlet.mvc.support.DefaultHandlerExceptionResolver [http-nio-8080-exec-10] Resolved [org.springframework.web.HttpRequestMethodNotSupportedException: Request method 'GET' not supported]
2020-12-24 11:35:01,065 INFO com.capgemini.Technologylearningandtrackingappsprint2.TechnologyLearningAndTrackingAppSprint2Application [restartedMain] Starting TechnologyLearningAndTrackingAppSprint2Application using Java 1.8.0_221 on Rushi with PID 12140 (D:\Spring\Technology-learning-and-tracking-app-sprint2-master\target\classes started by asus in D:\Spring\Technology-learning-and-tracking-app-sprint2-master)
2020-12-24 11:35:01,069 DEBUG com.capgemini.Technologylearningandtrackingappsprint2.TechnologyLearningAndTrackingAppSprint2Application [restartedMain] Running with Spring Boot v2.4.1, Spring v5.3.2
2020-12-24 11:35:01,069 INFO com.capgemini.Technologylearningandtrackingappsprint2.TechnologyLearningAndTrackingAppSprint2Application [restartedMain] No active profile set, falling back to default profiles: default
2020-12-24 11:35:01,217 INFO org.springframework.boot.devtools.env.DevToolsPropertyDefaultsPostProcessor [restartedMain] Devtools property defaults active! Set 'spring.devtools.add-properties' to 'false' to disable
2020-12-24 11:35:01,218 INFO org.springframework.boot.devtools.env.DevToolsPropertyDefaultsPostProcessor [restartedMain] For additional web related logging consider setting the 'logging.level.web' property to 'DEBUG'
2020-12-24 11:35:03,089 INFO org.springframework.data.repository.config.RepositoryConfigurationDelegate [restartedMain] Bootstrapping Spring Data JPA repositories in DEFAULT mode.
2020-12-24 11:35:03,234 INFO org.springframework.data.repository.config.RepositoryConfigurationDelegate [restartedMain] Finished Spring Data repository scanning in 130 ms. Found 4 JPA repository interfaces.
2020-12-24 11:35:06,513 INFO org.springframework.boot.web.embedded.tomcat.TomcatWebServer [restartedMain] Tomcat initialized with port(s): 8080 (http)
2020-12-24 11:35:06,560 INFO org.apache.coyote.http11.Http11NioProtocol [restartedMain] Initializing ProtocolHandler ["http-nio-8080"]
2020-12-24 11:35:06,561 INFO org.apache.catalina.core.StandardService [restartedMain] Starting service [Tomcat]
2020-12-24 11:35:06,561 INFO org.apache.catalina.core.StandardEngine [restartedMain] Starting Servlet engine: [Apache Tomcat/9.0.41]
2020-12-24 11:35:07,158 INFO org.apache.catalina.core.ContainerBase.[Tomcat].[localhost].[/springfox] [restartedMain] Initializing Spring embedded WebApplicationContext
2020-12-24 11:35:07,158 INFO org.springframework.boot.web.servlet.context.ServletWebServerApplicationContext [restartedMain] Root WebApplicationContext: initialization completed in 5939 ms
2020-12-24 11:35:08,156 INFO org.hibernate.jpa.internal.util.LogHelper [restartedMain] HHH000204: Processing PersistenceUnitInfo [name: default]
2020-12-24 11:35:08,245 INFO org.hibernate.Version [restartedMain] HHH000412: Hibernate ORM core version 5.4.25.Final
2020-12-24 11:35:08,481 INFO org.hibernate.annotations.common.Version [restartedMain] HCANN000001: Hibernate Commons Annotations {5.1.2.Final}
2020-12-24 11:35:08,695 INFO com.zaxxer.hikari.HikariDataSource [restartedMain] HikariPool-1 - Starting...
2020-12-24 11:35:10,367 INFO com.zaxxer.hikari.HikariDataSource [restartedMain] HikariPool-1 - Start completed.
2020-12-24 11:35:10,468 INFO org.hibernate.dialect.Dialect [restartedMain] HHH000400: Using dialect: org.hibernate.dialect.PostgreSQL10Dialect
2020-12-24 11:35:15,989 INFO org.hibernate.engine.transaction.jta.platform.internal.JtaPlatformInitiator [restartedMain] HHH000490: Using JtaPlatform implementation: [org.hibernate.engine.transaction.jta.platform.internal.NoJtaPlatform]
2020-12-24 11:35:16,026 INFO org.springframework.orm.jpa.LocalContainerEntityManagerFactoryBean [restartedMain] Initialized JPA EntityManagerFactory for persistence unit 'default'
2020-12-24 11:35:16,056 INFO org.springframework.boot.devtools.autoconfigure.OptionalLiveReloadServer [restartedMain] LiveReload server is running on port 35729
2020-12-24 11:35:17,966 WARN org.springframework.boot.autoconfigure.orm.jpa.JpaBaseConfiguration$JpaWebConfiguration [restartedMain] spring.jpa.open-in-view is enabled by default. Therefore, database queries may be performed during view rendering. Explicitly configure spring.jpa.open-in-view to disable this warning
2020-12-24 11:35:18,438 INFO org.springframework.boot.actuate.endpoint.web.EndpointLinksResolver [restartedMain] Exposing 2 endpoint(s) beneath base path '/actuator'
2020-12-24 11:35:19,205 INFO org.apache.coyote.http11.Http11NioProtocol [restartedMain] Starting ProtocolHandler ["http-nio-8080"]
2020-12-24 11:35:19,525 INFO org.springframework.boot.web.embedded.tomcat.TomcatWebServer [restartedMain] Tomcat started on port(s): 8080 (http) with context path '/springfox'
2020-12-24 11:35:20,362 INFO com.capgemini.Technologylearningandtrackingappsprint2.TechnologyLearningAndTrackingAppSprint2Application [restartedMain] Started TechnologyLearningAndTrackingAppSprint2Application in 19.903 seconds (JVM running for 21.693)
2020-12-24 11:35:29,575 INFO org.apache.catalina.core.ContainerBase.[Tomcat].[localhost].[/springfox] [http-nio-8080-exec-1] Initializing Spring DispatcherServlet 'dispatcherServlet'
2020-12-24 11:35:29,575 INFO org.springframework.web.servlet.DispatcherServlet [http-nio-8080-exec-1] Initializing Servlet 'dispatcherServlet'
2020-12-24 11:35:29,577 INFO org.springframework.web.servlet.DispatcherServlet [http-nio-8080-exec-1] Completed initialization in 1 ms
2020-12-24 11:35:29,615 WARN org.springframework.web.servlet.mvc.support.DefaultHandlerExceptionResolver [http-nio-8080-exec-1] Resolved [org.springframework.web.HttpRequestMethodNotSupportedException: Request method 'GET' not supported]
2020-12-24 11:35:32,421 WARN org.springframework.web.servlet.PageNotFound [http-nio-8080-exec-4] No mapping for GET /springfox/api/learningActivity
2020-12-24 11:35:38,827 WARN org.springframework.web.servlet.mvc.support.DefaultHandlerExceptionResolver [http-nio-8080-exec-7] Resolved [org.springframework.web.HttpRequestMethodNotSupportedException: Request method 'GET' not supported]
